<?xml version="1.0" encoding="UTF-8"?>
<!-- Generated by org.testng.reporters.JUnitReportReporter -->
<testsuite hostname="DESKTOP-UV3GUN9" failures="0" tests="1" name="testcases.Admin_role" time="3.658" errors="0" timestamp="2021-08-24T21:43:26 IST" skipped="0">
  <testcase classname="testcases.Admin_role" name="login" time="3.658"/>
  <system-out/>
</testsuite> <!-- testcases.Admin_role -->
