<?xml version="1.0" encoding="UTF-8"?>
<!-- Generated by org.testng.reporters.JUnitReportReporter -->
<testsuite hostname="DESKTOP-UV3GUN9" failures="0" tests="1" name="testcases.Pendingleave" time="11.948" errors="0" timestamp="2021-08-24T21:43:26 IST" skipped="0">
  <testcase classname="testcases.Pendingleave" name="pendingleave" time="11.948"/>
  <system-out/>
</testsuite> <!-- testcases.Pendingleave -->
